[TIME]: 2018-08-04 10:06:56 ERROR: C:/kfrj/xampp/htdocs/Lunule/Lunule/Extends/Tool/Code2.class.php类未找到
[TIME]: 2018-08-04 10:21:27 ERROR: C:/kfrj/xampp/htdocs/Lunule/Index/Controller/Index11Controller.class.php控制器未找到
[TIME]: 2018-08-04 10:31:36 ERROR: IndexController控制器中fjdakl方法不存在
[TIME]: 2018-08-04 11:17:14 ERROR: syntax error, unexpected '}'
[TIME]: 2018-08-04 11:17:48 ERROR: syntax error, unexpected '}'
[TIME]: 2018-08-04 11:18:38 ERROR: syntax error, unexpected '}'
[TIME]: 2018-08-04 11:25:09 ERROR: syntax error, unexpected '}'
[TIME]: 2018-08-04 11:25:35 ERROR: syntax error, unexpected '}'
[TIME]: 2018-08-04 11:25:48 ERROR: syntax error, unexpected '}'
[TIME]: 2018-08-04 14:40:01 ERROR: syntax error, unexpected '}'
[TIME]: 2018-08-04 16:54:48 ERROR: Can't use function return value in write context
[TIME]: 2018-08-04 16:58:57 ERROR: 数据库连接错误, 请检查配置项
[TIME]: 2018-08-04 17:00:14 ERROR: 数据库连接错误, 请检查配置项
[TIME]: 2018-08-04 17:00:29 ERROR: 数据库连接错误, 请检查配置项
[TIME]: 2018-08-04 17:00:53 ERROR: 请先配置数据库
[TIME]: 2018-08-04 17:19:47 ERROR: Cannot access empty property
[TIME]: 2018-08-04 17:20:48 ERROR: Cannot access empty property
[TIME]: 2018-08-04 17:21:40 ERROR: MySQL错误: You have an error in your SQL syntax; check the manual that corresponds to your MySQL server version for the right syntax to use near 'FRO1M live_link' at line 1<br/>SQL: SELECT * FRO1M live_link
[TIME]: 2018-08-04 17:52:11 ERROR: Call to undefined method Model::filed()
[TIME]: 2018-08-04 17:54:01 ERROR: Call to undefined method Model::filed()
[TIME]: 2018-08-04 17:54:33 ERROR: Call to undefined method Model::filed()C:\kfrj\xampp\htdocs\Lunule\Index\Controller\IndexController.class.php 第9行 
[TIME]: 2018-08-04 17:54:36 ERROR: Call to undefined method Model::filed()C:\kfrj\xampp\htdocs\Lunule\Index\Controller\IndexController.class.php 第9行 
[TIME]: 2018-08-04 17:55:15 ERROR: Call to undefined method Model::filed()<br/>C:\kfrj\xampp\htdocs\Lunule\Index\Controller\IndexController.class.php 第9行 
[TIME]: 2018-08-04 18:01:02 ERROR: MySQL错误: Unknown column '新浪' in 'where clause'<br/>SQL: SELECT link_name FROM live_link WHERE link_name=新浪
[TIME]: 2018-08-04 18:12:58 ERROR: MySQL错误: Unknown column 'id' in 'where clause'<br/>SQL: SELECT * FROM live_link WHERE id > 0 LIMIT 1
[TIME]: 2018-08-04 18:24:19 ERROR: MySQL错误: Column count doesn't match value count at row 1<br/>SQL: INSERT INTO live_link VALUES(NULL, 'sina', 'http')
[TIME]: 2018-08-04 18:27:46 ERROR: syntax error, unexpected '=>' (T_DOUBLE_ARROW)<br/>C:\kfrj\xampp\htdocs\Lunule\Index\Controller\IndexController.class.php 第9行 
[TIME]: 2018-08-04 18:35:35 ERROR: 请用query方法发送查询sql
[TIME]: 2018-08-04 18:36:33 ERROR: MySQL错误: Unknown column 'link_11id' in 'where clause'<br/>SQL: delete from live_link where link_11id = 7
[TIME]: 2018-08-04 18:40:20 ERROR: 删除语句必须有sql语句
